{"C:\\Users\\affanabdillah\\IdeaProjects\\Project Hacktiv8\\phase3\\week3\\Hacklingo-backend\\app.js": {"path":"C:\\Users\\affanabdillah\\IdeaProjects\\Project Hacktiv8\\phase3\\week3\\Hacklingo-backend\\app.js","statementMap":{"0":{"start":{"line":1,"column":25},"end":{"line":1,"column":50}},"1":{"start":{"line":2,"column":34},"end":{"line":2,"column":70}},"2":{"start":{"line":3,"column":13},"end":{"line":3,"column":40}},"3":{"start":{"line":4,"column":13},"end":{"line":4,"column":40}},"4":{"start":{"line":5,"column":14},"end":{"line":5,"column":42}},"5":{"start":{"line":6,"column":16},"end":{"line":6,"column":46}},"6":{"start":{"line":8,"column":17},"end":{"line":96,"column":1}},"7":{"start":{"line":98,"column":18},"end":{"line":323,"column":1}},"8":{"start":{"line":101,"column":6},"end":{"line":106,"column":7}},"9":{"start":{"line":102,"column":22},"end":{"line":102,"column":78}},"10":{"start":{"line":103,"column":8},"end":{"line":103,"column":21}},"11":{"start":{"line":105,"column":8},"end":{"line":105,"column":18}},"12":{"start":{"line":110,"column":6},"end":{"line":121,"column":7}},"13":{"start":{"line":111,"column":21},"end":{"line":114,"column":10}},"14":{"start":{"line":115,"column":8},"end":{"line":117,"column":9}},"15":{"start":{"line":116,"column":10},"end":{"line":116,"column":33}},"16":{"start":{"line":118,"column":8},"end":{"line":118,"column":20}},"17":{"start":{"line":120,"column":8},"end":{"line":120,"column":18}},"18":{"start":{"line":125,"column":6},"end":{"line":130,"column":7}},"19":{"start":{"line":126,"column":23},"end":{"line":126,"column":41}},"20":{"start":{"line":127,"column":8},"end":{"line":127,"column":22}},"21":{"start":{"line":129,"column":8},"end":{"line":129,"column":18}},"22":{"start":{"line":134,"column":6},"end":{"line":142,"column":7}},"23":{"start":{"line":135,"column":22},"end":{"line":135,"column":69}},"24":{"start":{"line":136,"column":8},"end":{"line":138,"column":9}},"25":{"start":{"line":137,"column":10},"end":{"line":137,"column":34}},"26":{"start":{"line":139,"column":8},"end":{"line":139,"column":21}},"27":{"start":{"line":141,"column":8},"end":{"line":141,"column":18}},"28":{"start":{"line":146,"column":6},"end":{"line":154,"column":7}},"29":{"start":{"line":147,"column":21},"end":{"line":147,"column":70}},"30":{"start":{"line":148,"column":8},"end":{"line":150,"column":9}},"31":{"start":{"line":149,"column":10},"end":{"line":149,"column":33}},"32":{"start":{"line":151,"column":8},"end":{"line":151,"column":20}},"33":{"start":{"line":153,"column":8},"end":{"line":153,"column":18}},"34":{"start":{"line":158,"column":6},"end":{"line":166,"column":7}},"35":{"start":{"line":159,"column":24},"end":{"line":159,"column":55}},"36":{"start":{"line":160,"column":8},"end":{"line":162,"column":9}},"37":{"start":{"line":161,"column":10},"end":{"line":161,"column":36}},"38":{"start":{"line":163,"column":8},"end":{"line":163,"column":23}},"39":{"start":{"line":165,"column":8},"end":{"line":165,"column":18}},"40":{"start":{"line":172,"column":6},"end":{"line":178,"column":7}},"41":{"start":{"line":173,"column":24},"end":{"line":173,"column":44}},"42":{"start":{"line":174,"column":8},"end":{"line":174,"column":29}},"43":{"start":{"line":175,"column":8},"end":{"line":175,"column":23}},"44":{"start":{"line":177,"column":8},"end":{"line":177,"column":18}},"45":{"start":{"line":182,"column":6},"end":{"line":190,"column":7}},"46":{"start":{"line":183,"column":28},"end":{"line":186,"column":10}},"47":{"start":{"line":187,"column":8},"end":{"line":187,"column":27}},"48":{"start":{"line":189,"column":8},"end":{"line":189,"column":18}},"49":{"start":{"line":194,"column":6},"end":{"line":203,"column":7}},"50":{"start":{"line":195,"column":24},"end":{"line":195,"column":61}},"51":{"start":{"line":196,"column":8},"end":{"line":197,"column":33}},"52":{"start":{"line":197,"column":10},"end":{"line":197,"column":33}},"53":{"start":{"line":198,"column":8},"end":{"line":200,"column":10}},"54":{"start":{"line":202,"column":8},"end":{"line":202,"column":18}},"55":{"start":{"line":207,"column":6},"end":{"line":219,"column":7}},"56":{"start":{"line":208,"column":24},"end":{"line":208,"column":44}},"57":{"start":{"line":209,"column":21},"end":{"line":209,"column":59}},"58":{"start":{"line":210,"column":22},"end":{"line":210,"column":62}},"59":{"start":{"line":211,"column":8},"end":{"line":211,"column":29}},"60":{"start":{"line":212,"column":8},"end":{"line":212,"column":37}},"61":{"start":{"line":213,"column":8},"end":{"line":213,"column":38}},"62":{"start":{"line":214,"column":8},"end":{"line":214,"column":26}},"63":{"start":{"line":215,"column":8},"end":{"line":215,"column":27}},"64":{"start":{"line":216,"column":8},"end":{"line":216,"column":23}},"65":{"start":{"line":218,"column":8},"end":{"line":218,"column":18}},"66":{"start":{"line":223,"column":6},"end":{"line":231,"column":7}},"67":{"start":{"line":224,"column":28},"end":{"line":227,"column":31}},"68":{"start":{"line":228,"column":8},"end":{"line":228,"column":27}},"69":{"start":{"line":230,"column":8},"end":{"line":230,"column":18}},"70":{"start":{"line":235,"column":6},"end":{"line":244,"column":7}},"71":{"start":{"line":236,"column":24},"end":{"line":236,"column":61}},"72":{"start":{"line":237,"column":8},"end":{"line":238,"column":33}},"73":{"start":{"line":238,"column":10},"end":{"line":238,"column":33}},"74":{"start":{"line":239,"column":8},"end":{"line":241,"column":10}},"75":{"start":{"line":243,"column":8},"end":{"line":243,"column":18}},"76":{"start":{"line":248,"column":6},"end":{"line":262,"column":7}},"77":{"start":{"line":249,"column":8},"end":{"line":256,"column":10}},"78":{"start":{"line":250,"column":34},"end":{"line":254,"column":11}},"79":{"start":{"line":257,"column":8},"end":{"line":259,"column":10}},"80":{"start":{"line":261,"column":8},"end":{"line":261,"column":18}},"81":{"start":{"line":266,"column":6},"end":{"line":275,"column":7}},"82":{"start":{"line":267,"column":24},"end":{"line":267,"column":62}},"83":{"start":{"line":268,"column":8},"end":{"line":269,"column":34}},"84":{"start":{"line":269,"column":10},"end":{"line":269,"column":34}},"85":{"start":{"line":270,"column":8},"end":{"line":272,"column":10}},"86":{"start":{"line":274,"column":8},"end":{"line":274,"column":18}},"87":{"start":{"line":279,"column":6},"end":{"line":291,"column":7}},"88":{"start":{"line":280,"column":27},"end":{"line":280,"column":50}},"89":{"start":{"line":281,"column":21},"end":{"line":281,"column":59}},"90":{"start":{"line":282,"column":21},"end":{"line":282,"column":59}},"91":{"start":{"line":283,"column":8},"end":{"line":283,"column":32}},"92":{"start":{"line":284,"column":8},"end":{"line":284,"column":43}},"93":{"start":{"line":285,"column":8},"end":{"line":285,"column":43}},"94":{"start":{"line":286,"column":8},"end":{"line":286,"column":26}},"95":{"start":{"line":287,"column":8},"end":{"line":287,"column":26}},"96":{"start":{"line":288,"column":8},"end":{"line":288,"column":26}},"97":{"start":{"line":290,"column":8},"end":{"line":290,"column":18}},"98":{"start":{"line":295,"column":6},"end":{"line":307,"column":7}},"99":{"start":{"line":296,"column":31},"end":{"line":303,"column":9}},"100":{"start":{"line":304,"column":8},"end":{"line":304,"column":30}},"101":{"start":{"line":306,"column":8},"end":{"line":306,"column":18}},"102":{"start":{"line":311,"column":6},"end":{"line":320,"column":7}},"103":{"start":{"line":312,"column":24},"end":{"line":312,"column":64}},"104":{"start":{"line":313,"column":8},"end":{"line":314,"column":36}},"105":{"start":{"line":314,"column":10},"end":{"line":314,"column":36}},"106":{"start":{"line":315,"column":8},"end":{"line":317,"column":10}},"107":{"start":{"line":319,"column":8},"end":{"line":319,"column":18}},"108":{"start":{"line":325,"column":15},"end":{"line":329,"column":2}},"109":{"start":{"line":332,"column":2},"end":{"line":334,"column":5}},"110":{"start":{"line":337,"column":0},"end":{"line":337,"column":36}}},"fnMap":{"0":{"name":"(anonymous_0)","decl":{"start":{"line":100,"column":31},"end":{"line":100,"column":32}},"loc":{"start":{"line":100,"column":50},"end":{"line":107,"column":5}},"line":100},"1":{"name":"(anonymous_1)","decl":{"start":{"line":109,"column":18},"end":{"line":109,"column":19}},"loc":{"start":{"line":109,"column":37},"end":{"line":122,"column":5}},"line":109},"2":{"name":"(anonymous_2)","decl":{"start":{"line":124,"column":19},"end":{"line":124,"column":20}},"loc":{"start":{"line":124,"column":31},"end":{"line":131,"column":5}},"line":124},"3":{"name":"(anonymous_3)","decl":{"start":{"line":133,"column":19},"end":{"line":133,"column":20}},"loc":{"start":{"line":133,"column":38},"end":{"line":143,"column":5}},"line":133},"4":{"name":"(anonymous_4)","decl":{"start":{"line":145,"column":18},"end":{"line":145,"column":19}},"loc":{"start":{"line":145,"column":37},"end":{"line":155,"column":5}},"line":145},"5":{"name":"(anonymous_5)","decl":{"start":{"line":157,"column":21},"end":{"line":157,"column":22}},"loc":{"start":{"line":157,"column":40},"end":{"line":167,"column":5}},"line":157},"6":{"name":"(anonymous_6)","decl":{"start":{"line":171,"column":19},"end":{"line":171,"column":20}},"loc":{"start":{"line":171,"column":38},"end":{"line":179,"column":5}},"line":171},"7":{"name":"(anonymous_7)","decl":{"start":{"line":181,"column":20},"end":{"line":181,"column":21}},"loc":{"start":{"line":181,"column":39},"end":{"line":191,"column":5}},"line":181},"8":{"name":"(anonymous_8)","decl":{"start":{"line":193,"column":20},"end":{"line":193,"column":21}},"loc":{"start":{"line":193,"column":39},"end":{"line":204,"column":5}},"line":193},"9":{"name":"(anonymous_9)","decl":{"start":{"line":206,"column":19},"end":{"line":206,"column":20}},"loc":{"start":{"line":206,"column":38},"end":{"line":220,"column":5}},"line":206},"10":{"name":"(anonymous_10)","decl":{"start":{"line":222,"column":20},"end":{"line":222,"column":21}},"loc":{"start":{"line":222,"column":39},"end":{"line":232,"column":5}},"line":222},"11":{"name":"(anonymous_11)","decl":{"start":{"line":234,"column":20},"end":{"line":234,"column":21}},"loc":{"start":{"line":234,"column":39},"end":{"line":245,"column":5}},"line":234},"12":{"name":"(anonymous_12)","decl":{"start":{"line":247,"column":18},"end":{"line":247,"column":19}},"loc":{"start":{"line":247,"column":37},"end":{"line":263,"column":5}},"line":247},"13":{"name":"(anonymous_13)","decl":{"start":{"line":250,"column":25},"end":{"line":250,"column":26}},"loc":{"start":{"line":250,"column":34},"end":{"line":254,"column":11}},"line":250},"14":{"name":"(anonymous_14)","decl":{"start":{"line":265,"column":21},"end":{"line":265,"column":22}},"loc":{"start":{"line":265,"column":40},"end":{"line":276,"column":5}},"line":265},"15":{"name":"(anonymous_15)","decl":{"start":{"line":278,"column":22},"end":{"line":278,"column":23}},"loc":{"start":{"line":278,"column":41},"end":{"line":292,"column":5}},"line":278},"16":{"name":"(anonymous_16)","decl":{"start":{"line":294,"column":23},"end":{"line":294,"column":24}},"loc":{"start":{"line":294,"column":42},"end":{"line":308,"column":5}},"line":294},"17":{"name":"(anonymous_17)","decl":{"start":{"line":310,"column":23},"end":{"line":310,"column":24}},"loc":{"start":{"line":310,"column":42},"end":{"line":321,"column":5}},"line":310},"18":{"name":"createApolloServer","decl":{"start":{"line":331,"column":15},"end":{"line":331,"column":33}},"loc":{"start":{"line":331,"column":44},"end":{"line":335,"column":1}},"line":331}},"branchMap":{"0":{"loc":{"start":{"line":115,"column":8},"end":{"line":117,"column":9}},"type":"if","locations":[{"start":{"line":115,"column":8},"end":{"line":117,"column":9}},{"start":{},"end":{}}],"line":115},"1":{"loc":{"start":{"line":136,"column":8},"end":{"line":138,"column":9}},"type":"if","locations":[{"start":{"line":136,"column":8},"end":{"line":138,"column":9}},{"start":{},"end":{}}],"line":136},"2":{"loc":{"start":{"line":148,"column":8},"end":{"line":150,"column":9}},"type":"if","locations":[{"start":{"line":148,"column":8},"end":{"line":150,"column":9}},{"start":{},"end":{}}],"line":148},"3":{"loc":{"start":{"line":160,"column":8},"end":{"line":162,"column":9}},"type":"if","locations":[{"start":{"line":160,"column":8},"end":{"line":162,"column":9}},{"start":{},"end":{}}],"line":160},"4":{"loc":{"start":{"line":196,"column":8},"end":{"line":197,"column":33}},"type":"if","locations":[{"start":{"line":196,"column":8},"end":{"line":197,"column":33}},{"start":{},"end":{}}],"line":196},"5":{"loc":{"start":{"line":237,"column":8},"end":{"line":238,"column":33}},"type":"if","locations":[{"start":{"line":237,"column":8},"end":{"line":238,"column":33}},{"start":{},"end":{}}],"line":237},"6":{"loc":{"start":{"line":268,"column":8},"end":{"line":269,"column":34}},"type":"if","locations":[{"start":{"line":268,"column":8},"end":{"line":269,"column":34}},{"start":{},"end":{}}],"line":268},"7":{"loc":{"start":{"line":313,"column":8},"end":{"line":314,"column":36}},"type":"if","locations":[{"start":{"line":313,"column":8},"end":{"line":314,"column":36}},{"start":{},"end":{}}],"line":313},"8":{"loc":{"start":{"line":333,"column":20},"end":{"line":333,"column":32}},"type":"binary-expr","locations":[{"start":{"line":333,"column":20},"end":{"line":333,"column":24}},{"start":{"line":333,"column":28},"end":{"line":333,"column":32}}],"line":333}},"s":{"0":1,"1":1,"2":1,"3":1,"4":1,"5":1,"6":1,"7":1,"8":2,"9":2,"10":2,"11":0,"12":2,"13":2,"14":2,"15":1,"16":1,"17":1,"18":1,"19":1,"20":1,"21":0,"22":2,"23":2,"24":2,"25":1,"26":1,"27":1,"28":2,"29":2,"30":2,"31":1,"32":1,"33":1,"34":2,"35":2,"36":2,"37":1,"38":1,"39":1,"40":11,"41":11,"42":11,"43":1,"44":10,"45":6,"46":6,"47":1,"48":5,"49":2,"50":2,"51":2,"52":1,"53":1,"54":1,"55":6,"56":6,"57":6,"58":6,"59":6,"60":1,"61":1,"62":1,"63":1,"64":1,"65":5,"66":2,"67":2,"68":1,"69":1,"70":2,"71":2,"72":2,"73":1,"74":1,"75":1,"76":0,"77":0,"78":0,"79":0,"80":0,"81":2,"82":2,"83":2,"84":1,"85":1,"86":1,"87":5,"88":5,"89":5,"90":5,"91":5,"92":1,"93":1,"94":1,"95":1,"96":1,"97":4,"98":2,"99":2,"100":1,"101":1,"102":2,"103":2,"104":2,"105":1,"106":1,"107":1,"108":1,"109":1,"110":1},"f":{"0":2,"1":2,"2":1,"3":2,"4":2,"5":2,"6":11,"7":6,"8":2,"9":6,"10":2,"11":2,"12":0,"13":0,"14":2,"15":5,"16":2,"17":2,"18":1},"b":{"0":[1,1],"1":[1,1],"2":[1,1],"3":[1,1],"4":[1,1],"5":[1,1],"6":[1,1],"7":[1,1],"8":[1,1]},"_coverageSchema":"1a1c01bbd47fc00a2c39e90264f33305004495a9","hash":"a89af11e5d67e67cdf9fb77780d4db77c857c5f5"}
,"C:\\Users\\affanabdillah\\IdeaProjects\\Project Hacktiv8\\phase3\\week3\\Hacklingo-backend\\config\\connectToMongoDB.js": {"path":"C:\\Users\\affanabdillah\\IdeaProjects\\Project Hacktiv8\\phase3\\week3\\Hacklingo-backend\\config\\connectToMongoDB.js","statementMap":{"0":{"start":{"line":1,"column":17},"end":{"line":1,"column":36}},"1":{"start":{"line":3,"column":0},"end":{"line":3,"column":38}},"2":{"start":{"line":3,"column":20},"end":{"line":3,"column":36}},"3":{"start":{"line":8,"column":2},"end":{"line":8,"column":70}},"4":{"start":{"line":11,"column":0},"end":{"line":11,"column":26}}},"fnMap":{"0":{"name":"(anonymous_0)","decl":{"start":{"line":3,"column":13},"end":{"line":3,"column":14}},"loc":{"start":{"line":3,"column":20},"end":{"line":3,"column":36}},"line":3},"1":{"name":"main","decl":{"start":{"line":7,"column":15},"end":{"line":7,"column":19}},"loc":{"start":{"line":7,"column":22},"end":{"line":9,"column":1}},"line":7}},"branchMap":{},"s":{"0":1,"1":1,"2":0,"3":1,"4":1},"f":{"0":0,"1":1},"b":{},"_coverageSchema":"1a1c01bbd47fc00a2c39e90264f33305004495a9","hash":"ff8b7bfb301b5612e88104bafcdbe465fa69cbcd"}
,"C:\\Users\\affanabdillah\\IdeaProjects\\Project Hacktiv8\\phase3\\week3\\Hacklingo-backend\\models\\Comment.js": {"path":"C:\\Users\\affanabdillah\\IdeaProjects\\Project Hacktiv8\\phase3\\week3\\Hacklingo-backend\\models\\Comment.js","statementMap":{"0":{"start":{"line":1,"column":17},"end":{"line":1,"column":57}},"1":{"start":{"line":2,"column":19},"end":{"line":2,"column":27}},"2":{"start":{"line":4,"column":22},"end":{"line":20,"column":1}},"3":{"start":{"line":22,"column":16},"end":{"line":22,"column":56}},"4":{"start":{"line":24,"column":0},"end":{"line":24,"column":25}}},"fnMap":{},"branchMap":{},"s":{"0":1,"1":1,"2":1,"3":1,"4":1},"f":{},"b":{},"_coverageSchema":"1a1c01bbd47fc00a2c39e90264f33305004495a9","hash":"dacaa2f2a807188041052bf5ddca09ddd931efb5"}
,"C:\\Users\\affanabdillah\\IdeaProjects\\Project Hacktiv8\\phase3\\week3\\Hacklingo-backend\\models\\Forum.js": {"path":"C:\\Users\\affanabdillah\\IdeaProjects\\Project Hacktiv8\\phase3\\week3\\Hacklingo-backend\\models\\Forum.js","statementMap":{"0":{"start":{"line":1,"column":17},"end":{"line":1,"column":57}},"1":{"start":{"line":2,"column":19},"end":{"line":2,"column":27}},"2":{"start":{"line":4,"column":20},"end":{"line":19,"column":1}},"3":{"start":{"line":21,"column":14},"end":{"line":21,"column":50}},"4":{"start":{"line":23,"column":0},"end":{"line":23,"column":23}}},"fnMap":{},"branchMap":{},"s":{"0":1,"1":1,"2":1,"3":1,"4":1},"f":{},"b":{},"_coverageSchema":"1a1c01bbd47fc00a2c39e90264f33305004495a9","hash":"a1b0a0f5cd6f727fa024d705393658cbe6e1331e"}
,"C:\\Users\\affanabdillah\\IdeaProjects\\Project Hacktiv8\\phase3\\week3\\Hacklingo-backend\\models\\Post.js": {"path":"C:\\Users\\affanabdillah\\IdeaProjects\\Project Hacktiv8\\phase3\\week3\\Hacklingo-backend\\models\\Post.js","statementMap":{"0":{"start":{"line":1,"column":16},"end":{"line":1,"column":56}},"1":{"start":{"line":2,"column":19},"end":{"line":2,"column":27}},"2":{"start":{"line":4,"column":19},"end":{"line":36,"column":1}},"3":{"start":{"line":15,"column":10},"end":{"line":15,"column":35}},"4":{"start":{"line":38,"column":13},"end":{"line":38,"column":47}},"5":{"start":{"line":40,"column":0},"end":{"line":40,"column":22}}},"fnMap":{"0":{"name":"(anonymous_0)","decl":{"start":{"line":14,"column":19},"end":{"line":14,"column":20}},"loc":{"start":{"line":14,"column":28},"end":{"line":16,"column":9}},"line":14}},"branchMap":{},"s":{"0":1,"1":1,"2":1,"3":8,"4":1,"5":1},"f":{"0":8},"b":{},"_coverageSchema":"1a1c01bbd47fc00a2c39e90264f33305004495a9","hash":"4b405c44d29f7d165ebab8be01081ad21275be4a"}
,"C:\\Users\\affanabdillah\\IdeaProjects\\Project Hacktiv8\\phase3\\week3\\Hacklingo-backend\\models\\User.js": {"path":"C:\\Users\\affanabdillah\\IdeaProjects\\Project Hacktiv8\\phase3\\week3\\Hacklingo-backend\\models\\User.js","statementMap":{"0":{"start":{"line":1,"column":17},"end":{"line":1,"column":57}},"1":{"start":{"line":2,"column":19},"end":{"line":2,"column":27}},"2":{"start":{"line":4,"column":19},"end":{"line":83,"column":1}},"3":{"start":{"line":21,"column":10},"end":{"line":21,"column":73}},"4":{"start":{"line":85,"column":13},"end":{"line":85,"column":47}},"5":{"start":{"line":87,"column":0},"end":{"line":87,"column":22}}},"fnMap":{"0":{"name":"(anonymous_0)","decl":{"start":{"line":20,"column":19},"end":{"line":20,"column":20}},"loc":{"start":{"line":20,"column":28},"end":{"line":22,"column":9}},"line":20}},"branchMap":{},"s":{"0":1,"1":1,"2":1,"3":16,"4":1,"5":1},"f":{"0":16},"b":{},"_coverageSchema":"1a1c01bbd47fc00a2c39e90264f33305004495a9","hash":"35be363e616913af5773e627fa2ab1f07fcc0bb0"}
}
