{"C:\\Users\\affanabdillah\\IdeaProjects\\Project Hacktiv8\\phase3\\week3\\Hacklingo-backend\\app.js": {"path":"C:\\Users\\affanabdillah\\IdeaProjects\\Project Hacktiv8\\phase3\\week3\\Hacklingo-backend\\app.js","statementMap":{"0":{"start":{"line":18,"column":12},"end":{"line":18,"column":21}},"1":{"start":{"line":20,"column":18},"end":{"line":26,"column":2}},"2":{"start":{"line":28,"column":0},"end":{"line":28,"column":28}},"3":{"start":{"line":29,"column":0},"end":{"line":29,"column":34}},"4":{"start":{"line":30,"column":0},"end":{"line":30,"column":27}},"5":{"start":{"line":31,"column":0},"end":{"line":31,"column":52}},"6":{"start":{"line":34,"column":0},"end":{"line":36,"column":3}},"7":{"start":{"line":35,"column":2},"end":{"line":35,"column":41}},"8":{"start":{"line":38,"column":0},"end":{"line":42,"column":2}},"9":{"start":{"line":43,"column":0},"end":{"line":43,"column":71}},"10":{"start":{"line":44,"column":0},"end":{"line":44,"column":70}},"11":{"start":{"line":45,"column":0},"end":{"line":51,"column":2}},"12":{"start":{"line":52,"column":0},"end":{"line":57,"column":2}},"13":{"start":{"line":58,"column":0},"end":{"line":58,"column":72}},"14":{"start":{"line":59,"column":0},"end":{"line":59,"column":71}},"15":{"start":{"line":60,"column":0},"end":{"line":65,"column":2}},"16":{"start":{"line":66,"column":0},"end":{"line":72,"column":2}},"17":{"start":{"line":73,"column":0},"end":{"line":78,"column":2}},"18":{"start":{"line":79,"column":0},"end":{"line":79,"column":70}},"19":{"start":{"line":80,"column":0},"end":{"line":80,"column":74}},"20":{"start":{"line":81,"column":0},"end":{"line":81,"column":79}},"21":{"start":{"line":82,"column":0},"end":{"line":82,"column":50}},"22":{"start":{"line":83,"column":0},"end":{"line":83,"column":80}},"23":{"start":{"line":84,"column":0},"end":{"line":84,"column":78}},"24":{"start":{"line":85,"column":0},"end":{"line":90,"column":2}},"25":{"start":{"line":91,"column":0},"end":{"line":96,"column":2}},"26":{"start":{"line":97,"column":0},"end":{"line":97,"column":80}},"27":{"start":{"line":98,"column":0},"end":{"line":98,"column":80}},"28":{"start":{"line":99,"column":0},"end":{"line":99,"column":78}},"29":{"start":{"line":101,"column":0},"end":{"line":101,"column":22}}},"fnMap":{"0":{"name":"(anonymous_0)","decl":{"start":{"line":34,"column":13},"end":{"line":34,"column":14}},"loc":{"start":{"line":34,"column":27},"end":{"line":36,"column":1}},"line":34}},"branchMap":{},"s":{"0":1,"1":1,"2":1,"3":1,"4":1,"5":1,"6":1,"7":0,"8":1,"9":1,"10":1,"11":1,"12":1,"13":1,"14":1,"15":1,"16":1,"17":1,"18":1,"19":1,"20":1,"21":1,"22":1,"23":1,"24":1,"25":1,"26":1,"27":1,"28":1,"29":1},"f":{"0":0},"b":{},"inputSourceMap":null,"_coverageSchema":"1a1c01bbd47fc00a2c39e90264f33305004495a9","hash":"a1e6f73c1816b3cb00465d56648ebe710284e67d"}
,"C:\\Users\\affanabdillah\\IdeaProjects\\Project Hacktiv8\\phase3\\week3\\Hacklingo-backend\\config\\connectToGoogleCloudStorage.js": {"path":"C:\\Users\\affanabdillah\\IdeaProjects\\Project Hacktiv8\\phase3\\week3\\Hacklingo-backend\\config\\connectToGoogleCloudStorage.js","statementMap":{"0":{"start":{"line":5,"column":19},"end":{"line":5,"column":49}},"1":{"start":{"line":6,"column":18},"end":{"line":6,"column":37}},"2":{"start":{"line":7,"column":19},"end":{"line":10,"column":1}},"3":{"start":{"line":12,"column":20},"end":{"line":12,"column":25}},"4":{"start":{"line":13,"column":16},"end":{"line":16,"column":2}}},"fnMap":{},"branchMap":{},"s":{"0":1,"1":1,"2":1,"3":1,"4":1},"f":{},"b":{},"inputSourceMap":null,"_coverageSchema":"1a1c01bbd47fc00a2c39e90264f33305004495a9","hash":"b7aaf2190160e5f2ca9b05ef1ad53695d0a1aaad"}
,"C:\\Users\\affanabdillah\\IdeaProjects\\Project Hacktiv8\\phase3\\week3\\Hacklingo-backend\\config\\connectToMongoDB.js": {"path":"C:\\Users\\affanabdillah\\IdeaProjects\\Project Hacktiv8\\phase3\\week3\\Hacklingo-backend\\config\\connectToMongoDB.js","statementMap":{"0":{"start":{"line":3,"column":0},"end":{"line":3,"column":40}},"1":{"start":{"line":3,"column":22},"end":{"line":3,"column":38}},"2":{"start":{"line":9,"column":4},"end":{"line":11,"column":47}},"3":{"start":{"line":12,"column":2},"end":{"line":12,"column":30}}},"fnMap":{"0":{"name":"(anonymous_0)","decl":{"start":{"line":3,"column":13},"end":{"line":3,"column":14}},"loc":{"start":{"line":3,"column":22},"end":{"line":3,"column":38}},"line":3},"1":{"name":"main","decl":{"start":{"line":7,"column":15},"end":{"line":7,"column":19}},"loc":{"start":{"line":7,"column":22},"end":{"line":13,"column":1}},"line":7}},"branchMap":{"0":{"loc":{"start":{"line":9,"column":4},"end":{"line":11,"column":47}},"type":"cond-expr","locations":[{"start":{"line":10,"column":8},"end":{"line":10,"column":51}},{"start":{"line":11,"column":8},"end":{"line":11,"column":47}}],"line":9}},"s":{"0":1,"1":0,"2":1,"3":1},"f":{"0":0,"1":1},"b":{"0":[1,0]},"inputSourceMap":null,"_coverageSchema":"1a1c01bbd47fc00a2c39e90264f33305004495a9","hash":"903de054dc1c4931d33e9dafa65aab3485a77337"}
,"C:\\Users\\affanabdillah\\IdeaProjects\\Project Hacktiv8\\phase3\\week3\\Hacklingo-backend\\controllers\\articleController.js": {"path":"C:\\Users\\affanabdillah\\IdeaProjects\\Project Hacktiv8\\phase3\\week3\\Hacklingo-backend\\controllers\\articleController.js","statementMap":{"0":{"start":{"line":6,"column":4},"end":{"line":17,"column":5}},"1":{"start":{"line":7,"column":6},"end":{"line":9,"column":7}},"2":{"start":{"line":8,"column":8},"end":{"line":8,"column":35}},"3":{"start":{"line":10,"column":22},"end":{"line":10,"column":59}},"4":{"start":{"line":11,"column":6},"end":{"line":13,"column":7}},"5":{"start":{"line":12,"column":8},"end":{"line":12,"column":35}},"6":{"start":{"line":14,"column":6},"end":{"line":14,"column":36}},"7":{"start":{"line":16,"column":6},"end":{"line":16,"column":16}},"8":{"start":{"line":21,"column":4},"end":{"line":27,"column":5}},"9":{"start":{"line":22,"column":20},"end":{"line":22,"column":53}},"10":{"start":{"line":23,"column":23},"end":{"line":23,"column":59}},"11":{"start":{"line":24,"column":6},"end":{"line":24,"column":37}},"12":{"start":{"line":26,"column":6},"end":{"line":26,"column":16}},"13":{"start":{"line":31,"column":4},"end":{"line":40,"column":5}},"14":{"start":{"line":32,"column":25},"end":{"line":32,"column":73}},"15":{"start":{"line":33,"column":19},"end":{"line":33,"column":50}},"16":{"start":{"line":34,"column":6},"end":{"line":34,"column":30}},"17":{"start":{"line":35,"column":6},"end":{"line":35,"column":41}},"18":{"start":{"line":36,"column":6},"end":{"line":36,"column":53}},"19":{"start":{"line":37,"column":6},"end":{"line":37,"column":39}},"20":{"start":{"line":39,"column":6},"end":{"line":39,"column":16}}},"fnMap":{"0":{"name":"(anonymous_0)","decl":{"start":{"line":5,"column":2},"end":{"line":5,"column":3}},"loc":{"start":{"line":5,"column":47},"end":{"line":18,"column":3}},"line":5},"1":{"name":"(anonymous_1)","decl":{"start":{"line":20,"column":2},"end":{"line":20,"column":3}},"loc":{"start":{"line":20,"column":51},"end":{"line":28,"column":3}},"line":20},"2":{"name":"(anonymous_2)","decl":{"start":{"line":30,"column":2},"end":{"line":30,"column":3}},"loc":{"start":{"line":30,"column":48},"end":{"line":41,"column":3}},"line":30}},"branchMap":{"0":{"loc":{"start":{"line":7,"column":6},"end":{"line":9,"column":7}},"type":"if","locations":[{"start":{"line":7,"column":6},"end":{"line":9,"column":7}},{"start":{},"end":{}}],"line":7},"1":{"loc":{"start":{"line":11,"column":6},"end":{"line":13,"column":7}},"type":"if","locations":[{"start":{"line":11,"column":6},"end":{"line":13,"column":7}},{"start":{},"end":{}}],"line":11}},"s":{"0":2,"1":2,"2":1,"3":1,"4":1,"5":0,"6":1,"7":1,"8":2,"9":2,"10":2,"11":2,"12":0,"13":3,"14":3,"15":3,"16":3,"17":1,"18":1,"19":1,"20":2},"f":{"0":2,"1":2,"2":3},"b":{"0":[1,1],"1":[0,1]},"inputSourceMap":null,"_coverageSchema":"1a1c01bbd47fc00a2c39e90264f33305004495a9","hash":"99ba784337c85fc33a406a899342eb50127ddd83"}
,"C:\\Users\\affanabdillah\\IdeaProjects\\Project Hacktiv8\\phase3\\week3\\Hacklingo-backend\\controllers\\commentController.js": {"path":"C:\\Users\\affanabdillah\\IdeaProjects\\Project Hacktiv8\\phase3\\week3\\Hacklingo-backend\\controllers\\commentController.js","statementMap":{"0":{"start":{"line":7,"column":4},"end":{"line":18,"column":5}},"1":{"start":{"line":8,"column":6},"end":{"line":10,"column":7}},"2":{"start":{"line":9,"column":8},"end":{"line":9,"column":35}},"3":{"start":{"line":11,"column":22},"end":{"line":11,"column":59}},"4":{"start":{"line":12,"column":6},"end":{"line":14,"column":7}},"5":{"start":{"line":13,"column":8},"end":{"line":13,"column":35}},"6":{"start":{"line":15,"column":6},"end":{"line":15,"column":36}},"7":{"start":{"line":17,"column":6},"end":{"line":17,"column":16}},"8":{"start":{"line":22,"column":4},"end":{"line":34,"column":5}},"9":{"start":{"line":23,"column":25},"end":{"line":23,"column":73}},"10":{"start":{"line":24,"column":19},"end":{"line":24,"column":50}},"11":{"start":{"line":25,"column":19},"end":{"line":25,"column":55}},"12":{"start":{"line":26,"column":6},"end":{"line":26,"column":30}},"13":{"start":{"line":27,"column":6},"end":{"line":27,"column":41}},"14":{"start":{"line":28,"column":6},"end":{"line":28,"column":41}},"15":{"start":{"line":29,"column":6},"end":{"line":29,"column":53}},"16":{"start":{"line":30,"column":6},"end":{"line":30,"column":53}},"17":{"start":{"line":31,"column":6},"end":{"line":31,"column":39}},"18":{"start":{"line":33,"column":6},"end":{"line":33,"column":16}},"19":{"start":{"line":38,"column":4},"end":{"line":53,"column":5}},"20":{"start":{"line":39,"column":29},"end":{"line":46,"column":7}},"21":{"start":{"line":47,"column":6},"end":{"line":49,"column":7}},"22":{"start":{"line":48,"column":8},"end":{"line":48,"column":35}},"23":{"start":{"line":50,"column":6},"end":{"line":50,"column":43}},"24":{"start":{"line":52,"column":6},"end":{"line":52,"column":16}},"25":{"start":{"line":57,"column":4},"end":{"line":67,"column":5}},"26":{"start":{"line":58,"column":22},"end":{"line":58,"column":68}},"27":{"start":{"line":59,"column":6},"end":{"line":61,"column":7}},"28":{"start":{"line":60,"column":8},"end":{"line":60,"column":35}},"29":{"start":{"line":62,"column":6},"end":{"line":64,"column":9}},"30":{"start":{"line":66,"column":6},"end":{"line":66,"column":16}}},"fnMap":{"0":{"name":"(anonymous_0)","decl":{"start":{"line":6,"column":2},"end":{"line":6,"column":3}},"loc":{"start":{"line":6,"column":47},"end":{"line":19,"column":3}},"line":6},"1":{"name":"(anonymous_1)","decl":{"start":{"line":21,"column":2},"end":{"line":21,"column":3}},"loc":{"start":{"line":21,"column":48},"end":{"line":35,"column":3}},"line":21},"2":{"name":"(anonymous_2)","decl":{"start":{"line":37,"column":2},"end":{"line":37,"column":3}},"loc":{"start":{"line":37,"column":49},"end":{"line":54,"column":3}},"line":37},"3":{"name":"(anonymous_3)","decl":{"start":{"line":56,"column":2},"end":{"line":56,"column":3}},"loc":{"start":{"line":56,"column":49},"end":{"line":68,"column":3}},"line":56}},"branchMap":{"0":{"loc":{"start":{"line":8,"column":6},"end":{"line":10,"column":7}},"type":"if","locations":[{"start":{"line":8,"column":6},"end":{"line":10,"column":7}},{"start":{},"end":{}}],"line":8},"1":{"loc":{"start":{"line":12,"column":6},"end":{"line":14,"column":7}},"type":"if","locations":[{"start":{"line":12,"column":6},"end":{"line":14,"column":7}},{"start":{},"end":{}}],"line":12},"2":{"loc":{"start":{"line":47,"column":6},"end":{"line":49,"column":7}},"type":"if","locations":[{"start":{"line":47,"column":6},"end":{"line":49,"column":7}},{"start":{},"end":{}}],"line":47},"3":{"loc":{"start":{"line":59,"column":6},"end":{"line":61,"column":7}},"type":"if","locations":[{"start":{"line":59,"column":6},"end":{"line":61,"column":7}},{"start":{},"end":{}}],"line":59}},"s":{"0":2,"1":2,"2":1,"3":1,"4":1,"5":0,"6":1,"7":1,"8":4,"9":4,"10":4,"11":4,"12":4,"13":1,"14":1,"15":1,"16":1,"17":1,"18":3,"19":2,"20":2,"21":1,"22":0,"23":1,"24":1,"25":1,"26":1,"27":1,"28":0,"29":1,"30":0},"f":{"0":2,"1":4,"2":2,"3":1},"b":{"0":[1,1],"1":[0,1],"2":[0,1],"3":[0,1]},"inputSourceMap":null,"_coverageSchema":"1a1c01bbd47fc00a2c39e90264f33305004495a9","hash":"cffe9e8190d66fcff7a4703e3c3592ecea6335ff"}
,"C:\\Users\\affanabdillah\\IdeaProjects\\Project Hacktiv8\\phase3\\week3\\Hacklingo-backend\\controllers\\forumController.js": {"path":"C:\\Users\\affanabdillah\\IdeaProjects\\Project Hacktiv8\\phase3\\week3\\Hacklingo-backend\\controllers\\forumController.js","statementMap":{"0":{"start":{"line":5,"column":4},"end":{"line":13,"column":5}},"1":{"start":{"line":6,"column":21},"end":{"line":9,"column":7}},"2":{"start":{"line":10,"column":6},"end":{"line":10,"column":35}},"3":{"start":{"line":12,"column":6},"end":{"line":12,"column":16}},"4":{"start":{"line":17,"column":4},"end":{"line":31,"column":5}},"5":{"start":{"line":18,"column":6},"end":{"line":20,"column":7}},"6":{"start":{"line":19,"column":8},"end":{"line":19,"column":35}},"7":{"start":{"line":21,"column":20},"end":{"line":24,"column":26}},"8":{"start":{"line":25,"column":6},"end":{"line":27,"column":7}},"9":{"start":{"line":26,"column":8},"end":{"line":26,"column":35}},"10":{"start":{"line":28,"column":6},"end":{"line":28,"column":34}},"11":{"start":{"line":30,"column":6},"end":{"line":30,"column":16}},"12":{"start":{"line":35,"column":4},"end":{"line":50,"column":5}},"13":{"start":{"line":36,"column":21},"end":{"line":43,"column":7}},"14":{"start":{"line":37,"column":30},"end":{"line":41,"column":9}},"15":{"start":{"line":44,"column":6},"end":{"line":47,"column":9}},"16":{"start":{"line":49,"column":6},"end":{"line":49,"column":16}},"17":{"start":{"line":54,"column":4},"end":{"line":67,"column":5}},"18":{"start":{"line":55,"column":6},"end":{"line":57,"column":7}},"19":{"start":{"line":56,"column":8},"end":{"line":56,"column":35}},"20":{"start":{"line":58,"column":22},"end":{"line":58,"column":66}},"21":{"start":{"line":59,"column":6},"end":{"line":61,"column":7}},"22":{"start":{"line":60,"column":8},"end":{"line":60,"column":35}},"23":{"start":{"line":62,"column":6},"end":{"line":64,"column":9}},"24":{"start":{"line":66,"column":6},"end":{"line":66,"column":16}}},"fnMap":{"0":{"name":"(anonymous_0)","decl":{"start":{"line":4,"column":2},"end":{"line":4,"column":3}},"loc":{"start":{"line":4,"column":45},"end":{"line":14,"column":3}},"line":4},"1":{"name":"(anonymous_1)","decl":{"start":{"line":16,"column":2},"end":{"line":16,"column":3}},"loc":{"start":{"line":16,"column":45},"end":{"line":32,"column":3}},"line":16},"2":{"name":"(anonymous_2)","decl":{"start":{"line":34,"column":2},"end":{"line":34,"column":3}},"loc":{"start":{"line":34,"column":44},"end":{"line":51,"column":3}},"line":34},"3":{"name":"(anonymous_3)","decl":{"start":{"line":37,"column":21},"end":{"line":37,"column":22}},"loc":{"start":{"line":37,"column":30},"end":{"line":41,"column":9}},"line":37},"4":{"name":"(anonymous_4)","decl":{"start":{"line":53,"column":2},"end":{"line":53,"column":3}},"loc":{"start":{"line":53,"column":47},"end":{"line":68,"column":3}},"line":53}},"branchMap":{"0":{"loc":{"start":{"line":18,"column":6},"end":{"line":20,"column":7}},"type":"if","locations":[{"start":{"line":18,"column":6},"end":{"line":20,"column":7}},{"start":{},"end":{}}],"line":18},"1":{"loc":{"start":{"line":25,"column":6},"end":{"line":27,"column":7}},"type":"if","locations":[{"start":{"line":25,"column":6},"end":{"line":27,"column":7}},{"start":{},"end":{}}],"line":25},"2":{"loc":{"start":{"line":55,"column":6},"end":{"line":57,"column":7}},"type":"if","locations":[{"start":{"line":55,"column":6},"end":{"line":57,"column":7}},{"start":{},"end":{}}],"line":55},"3":{"loc":{"start":{"line":59,"column":6},"end":{"line":61,"column":7}},"type":"if","locations":[{"start":{"line":59,"column":6},"end":{"line":61,"column":7}},{"start":{},"end":{}}],"line":59}},"s":{"0":1,"1":1,"2":1,"3":0,"4":2,"5":2,"6":1,"7":1,"8":1,"9":0,"10":1,"11":1,"12":2,"13":2,"14":14,"15":1,"16":1,"17":2,"18":2,"19":1,"20":1,"21":1,"22":0,"23":1,"24":1},"f":{"0":1,"1":2,"2":2,"3":14,"4":2},"b":{"0":[1,1],"1":[0,1],"2":[1,1],"3":[0,1]},"inputSourceMap":null,"_coverageSchema":"1a1c01bbd47fc00a2c39e90264f33305004495a9","hash":"cdfcf6626448c2820c6e6cd854d5cded9fcf77f0"}
,"C:\\Users\\affanabdillah\\IdeaProjects\\Project Hacktiv8\\phase3\\week3\\Hacklingo-backend\\controllers\\postController.js": {"path":"C:\\Users\\affanabdillah\\IdeaProjects\\Project Hacktiv8\\phase3\\week3\\Hacklingo-backend\\controllers\\postController.js","statementMap":{"0":{"start":{"line":7,"column":4},"end":{"line":14,"column":5}},"1":{"start":{"line":8,"column":6},"end":{"line":8,"column":55}},"2":{"start":{"line":9,"column":20},"end":{"line":9,"column":53}},"3":{"start":{"line":10,"column":20},"end":{"line":10,"column":53}},"4":{"start":{"line":11,"column":6},"end":{"line":11,"column":34}},"5":{"start":{"line":13,"column":6},"end":{"line":13,"column":16}},"6":{"start":{"line":18,"column":4},"end":{"line":29,"column":5}},"7":{"start":{"line":19,"column":6},"end":{"line":21,"column":7}},"8":{"start":{"line":20,"column":8},"end":{"line":20,"column":35}},"9":{"start":{"line":22,"column":19},"end":{"line":22,"column":74}},"10":{"start":{"line":23,"column":6},"end":{"line":25,"column":7}},"11":{"start":{"line":24,"column":8},"end":{"line":24,"column":35}},"12":{"start":{"line":26,"column":6},"end":{"line":26,"column":33}},"13":{"start":{"line":28,"column":6},"end":{"line":28,"column":16}},"14":{"start":{"line":33,"column":4},"end":{"line":49,"column":5}},"15":{"start":{"line":34,"column":22},"end":{"line":38,"column":8}},"16":{"start":{"line":39,"column":19},"end":{"line":39,"column":50}},"17":{"start":{"line":40,"column":20},"end":{"line":40,"column":58}},"18":{"start":{"line":41,"column":6},"end":{"line":41,"column":27}},"19":{"start":{"line":42,"column":6},"end":{"line":42,"column":35}},"20":{"start":{"line":43,"column":6},"end":{"line":43,"column":36}},"21":{"start":{"line":44,"column":6},"end":{"line":44,"column":53}},"22":{"start":{"line":45,"column":6},"end":{"line":45,"column":54}},"23":{"start":{"line":46,"column":6},"end":{"line":46,"column":36}},"24":{"start":{"line":48,"column":6},"end":{"line":48,"column":16}},"25":{"start":{"line":53,"column":4},"end":{"line":65,"column":5}},"26":{"start":{"line":54,"column":26},"end":{"line":61,"column":7}},"27":{"start":{"line":62,"column":6},"end":{"line":62,"column":40}},"28":{"start":{"line":64,"column":6},"end":{"line":64,"column":16}},"29":{"start":{"line":69,"column":4},"end":{"line":82,"column":5}},"30":{"start":{"line":70,"column":6},"end":{"line":72,"column":7}},"31":{"start":{"line":71,"column":8},"end":{"line":71,"column":35}},"32":{"start":{"line":73,"column":22},"end":{"line":73,"column":65}},"33":{"start":{"line":74,"column":6},"end":{"line":76,"column":7}},"34":{"start":{"line":75,"column":8},"end":{"line":75,"column":35}},"35":{"start":{"line":77,"column":6},"end":{"line":79,"column":9}},"36":{"start":{"line":81,"column":6},"end":{"line":81,"column":16}}},"fnMap":{"0":{"name":"(anonymous_0)","decl":{"start":{"line":6,"column":2},"end":{"line":6,"column":3}},"loc":{"start":{"line":6,"column":49},"end":{"line":15,"column":3}},"line":6},"1":{"name":"(anonymous_1)","decl":{"start":{"line":17,"column":2},"end":{"line":17,"column":3}},"loc":{"start":{"line":17,"column":44},"end":{"line":30,"column":3}},"line":17},"2":{"name":"(anonymous_2)","decl":{"start":{"line":32,"column":2},"end":{"line":32,"column":3}},"loc":{"start":{"line":32,"column":45},"end":{"line":50,"column":3}},"line":32},"3":{"name":"(anonymous_3)","decl":{"start":{"line":52,"column":2},"end":{"line":52,"column":3}},"loc":{"start":{"line":52,"column":46},"end":{"line":66,"column":3}},"line":52},"4":{"name":"(anonymous_4)","decl":{"start":{"line":68,"column":2},"end":{"line":68,"column":3}},"loc":{"start":{"line":68,"column":46},"end":{"line":83,"column":3}},"line":68}},"branchMap":{"0":{"loc":{"start":{"line":19,"column":6},"end":{"line":21,"column":7}},"type":"if","locations":[{"start":{"line":19,"column":6},"end":{"line":21,"column":7}},{"start":{},"end":{}}],"line":19},"1":{"loc":{"start":{"line":23,"column":6},"end":{"line":25,"column":7}},"type":"if","locations":[{"start":{"line":23,"column":6},"end":{"line":25,"column":7}},{"start":{},"end":{}}],"line":23},"2":{"loc":{"start":{"line":70,"column":6},"end":{"line":72,"column":7}},"type":"if","locations":[{"start":{"line":70,"column":6},"end":{"line":72,"column":7}},{"start":{},"end":{}}],"line":70},"3":{"loc":{"start":{"line":74,"column":6},"end":{"line":76,"column":7}},"type":"if","locations":[{"start":{"line":74,"column":6},"end":{"line":76,"column":7}},{"start":{},"end":{}}],"line":74}},"s":{"0":2,"1":2,"2":2,"3":2,"4":2,"5":0,"6":2,"7":2,"8":1,"9":1,"10":1,"11":0,"12":1,"13":1,"14":5,"15":5,"16":5,"17":5,"18":5,"19":1,"20":1,"21":1,"22":1,"23":1,"24":4,"25":2,"26":2,"27":1,"28":1,"29":1,"30":1,"31":0,"32":1,"33":1,"34":0,"35":1,"36":0},"f":{"0":2,"1":2,"2":5,"3":2,"4":1},"b":{"0":[1,1],"1":[0,1],"2":[0,1],"3":[0,1]},"inputSourceMap":null,"_coverageSchema":"1a1c01bbd47fc00a2c39e90264f33305004495a9","hash":"40f0270dd98ab7aee8ac8c6c4eb52b96fc594db3"}
,"C:\\Users\\affanabdillah\\IdeaProjects\\Project Hacktiv8\\phase3\\week3\\Hacklingo-backend\\controllers\\userController.js": {"path":"C:\\Users\\affanabdillah\\IdeaProjects\\Project Hacktiv8\\phase3\\week3\\Hacklingo-backend\\controllers\\userController.js","statementMap":{"0":{"start":{"line":6,"column":4},"end":{"line":22,"column":5}},"1":{"start":{"line":7,"column":20},"end":{"line":18,"column":7}},"2":{"start":{"line":19,"column":6},"end":{"line":19,"column":34}},"3":{"start":{"line":21,"column":6},"end":{"line":21,"column":16}},"4":{"start":{"line":26,"column":4},"end":{"line":40,"column":5}},"5":{"start":{"line":27,"column":6},"end":{"line":29,"column":7}},"6":{"start":{"line":28,"column":8},"end":{"line":28,"column":35}},"7":{"start":{"line":30,"column":19},"end":{"line":33,"column":8}},"8":{"start":{"line":34,"column":6},"end":{"line":36,"column":7}},"9":{"start":{"line":35,"column":8},"end":{"line":35,"column":35}},"10":{"start":{"line":37,"column":6},"end":{"line":37,"column":33}},"11":{"start":{"line":39,"column":6},"end":{"line":39,"column":16}},"12":{"start":{"line":44,"column":4},"end":{"line":50,"column":5}},"13":{"start":{"line":45,"column":22},"end":{"line":45,"column":76}},"14":{"start":{"line":46,"column":6},"end":{"line":46,"column":27}},"15":{"start":{"line":47,"column":6},"end":{"line":47,"column":36}},"16":{"start":{"line":49,"column":6},"end":{"line":49,"column":16}},"17":{"start":{"line":54,"column":4},"end":{"line":80,"column":5}},"18":{"start":{"line":55,"column":6},"end":{"line":57,"column":7}},"19":{"start":{"line":56,"column":8},"end":{"line":56,"column":35}},"20":{"start":{"line":58,"column":26},"end":{"line":73,"column":7}},"21":{"start":{"line":74,"column":6},"end":{"line":76,"column":7}},"22":{"start":{"line":75,"column":8},"end":{"line":75,"column":35}},"23":{"start":{"line":77,"column":6},"end":{"line":77,"column":40}},"24":{"start":{"line":79,"column":6},"end":{"line":79,"column":16}},"25":{"start":{"line":84,"column":4},"end":{"line":97,"column":5}},"26":{"start":{"line":85,"column":6},"end":{"line":87,"column":7}},"27":{"start":{"line":86,"column":8},"end":{"line":86,"column":35}},"28":{"start":{"line":88,"column":22},"end":{"line":88,"column":65}},"29":{"start":{"line":89,"column":6},"end":{"line":91,"column":7}},"30":{"start":{"line":90,"column":8},"end":{"line":90,"column":35}},"31":{"start":{"line":92,"column":6},"end":{"line":94,"column":9}},"32":{"start":{"line":96,"column":6},"end":{"line":96,"column":16}}},"fnMap":{"0":{"name":"(anonymous_0)","decl":{"start":{"line":5,"column":2},"end":{"line":5,"column":3}},"loc":{"start":{"line":5,"column":60},"end":{"line":23,"column":3}},"line":5},"1":{"name":"(anonymous_1)","decl":{"start":{"line":25,"column":2},"end":{"line":25,"column":3}},"loc":{"start":{"line":25,"column":44},"end":{"line":41,"column":3}},"line":25},"2":{"name":"(anonymous_2)","decl":{"start":{"line":43,"column":2},"end":{"line":43,"column":3}},"loc":{"start":{"line":43,"column":45},"end":{"line":51,"column":3}},"line":43},"3":{"name":"(anonymous_3)","decl":{"start":{"line":53,"column":2},"end":{"line":53,"column":3}},"loc":{"start":{"line":53,"column":46},"end":{"line":81,"column":3}},"line":53},"4":{"name":"(anonymous_4)","decl":{"start":{"line":83,"column":2},"end":{"line":83,"column":3}},"loc":{"start":{"line":83,"column":46},"end":{"line":98,"column":3}},"line":83}},"branchMap":{"0":{"loc":{"start":{"line":27,"column":6},"end":{"line":29,"column":7}},"type":"if","locations":[{"start":{"line":27,"column":6},"end":{"line":29,"column":7}},{"start":{},"end":{}}],"line":27},"1":{"loc":{"start":{"line":34,"column":6},"end":{"line":36,"column":7}},"type":"if","locations":[{"start":{"line":34,"column":6},"end":{"line":36,"column":7}},{"start":{},"end":{}}],"line":34},"2":{"loc":{"start":{"line":55,"column":6},"end":{"line":57,"column":7}},"type":"if","locations":[{"start":{"line":55,"column":6},"end":{"line":57,"column":7}},{"start":{},"end":{}}],"line":55},"3":{"loc":{"start":{"line":74,"column":6},"end":{"line":76,"column":7}},"type":"if","locations":[{"start":{"line":74,"column":6},"end":{"line":76,"column":7}},{"start":{},"end":{}}],"line":74},"4":{"loc":{"start":{"line":85,"column":6},"end":{"line":87,"column":7}},"type":"if","locations":[{"start":{"line":85,"column":6},"end":{"line":87,"column":7}},{"start":{},"end":{}}],"line":85},"5":{"loc":{"start":{"line":89,"column":6},"end":{"line":91,"column":7}},"type":"if","locations":[{"start":{"line":89,"column":6},"end":{"line":91,"column":7}},{"start":{},"end":{}}],"line":89}},"s":{"0":2,"1":2,"2":2,"3":0,"4":2,"5":2,"6":1,"7":1,"8":1,"9":0,"10":1,"11":1,"12":13,"13":13,"14":13,"15":1,"16":12,"17":6,"18":6,"19":0,"20":6,"21":1,"22":0,"23":1,"24":5,"25":1,"26":1,"27":0,"28":1,"29":1,"30":0,"31":1,"32":0},"f":{"0":2,"1":2,"2":13,"3":6,"4":1},"b":{"0":[1,1],"1":[0,1],"2":[0,6],"3":[0,1],"4":[0,1],"5":[0,1]},"inputSourceMap":null,"_coverageSchema":"1a1c01bbd47fc00a2c39e90264f33305004495a9","hash":"0db1f0360f101160d510d1a373d7f368720cd6de"}
,"C:\\Users\\affanabdillah\\IdeaProjects\\Project Hacktiv8\\phase3\\week3\\Hacklingo-backend\\helpers\\bcrypt.js": {"path":"C:\\Users\\affanabdillah\\IdeaProjects\\Project Hacktiv8\\phase3\\week3\\Hacklingo-backend\\helpers\\bcrypt.js","statementMap":{"0":{"start":{"line":4,"column":2},"end":{"line":4,"column":36}},"1":{"start":{"line":8,"column":2},"end":{"line":8,"column":41}}},"fnMap":{"0":{"name":"hashPassword","decl":{"start":{"line":3,"column":9},"end":{"line":3,"column":21}},"loc":{"start":{"line":3,"column":29},"end":{"line":5,"column":1}},"line":3},"1":{"name":"checkPassword","decl":{"start":{"line":7,"column":9},"end":{"line":7,"column":22}},"loc":{"start":{"line":7,"column":36},"end":{"line":9,"column":1}},"line":7}},"branchMap":{},"s":{"0":3,"1":0},"f":{"0":3,"1":0},"b":{},"inputSourceMap":null,"_coverageSchema":"1a1c01bbd47fc00a2c39e90264f33305004495a9","hash":"4a1cb6e63c2ffc2c4f2e2cd1f577d651b10b6af2"}
,"C:\\Users\\affanabdillah\\IdeaProjects\\Project Hacktiv8\\phase3\\week3\\Hacklingo-backend\\helpers\\upload-image.js": {"path":"C:\\Users\\affanabdillah\\IdeaProjects\\Project Hacktiv8\\phase3\\week3\\Hacklingo-backend\\helpers\\upload-image.js","statementMap":{"0":{"start":{"line":3,"column":15},"end":{"line":3,"column":44}},"1":{"start":{"line":14,"column":20},"end":{"line":31,"column":4}},"2":{"start":{"line":15,"column":2},"end":{"line":31,"column":4}},"3":{"start":{"line":16,"column":37},"end":{"line":16,"column":41}},"4":{"start":{"line":18,"column":17},"end":{"line":18,"column":61}},"5":{"start":{"line":19,"column":23},"end":{"line":21,"column":6}},"6":{"start":{"line":22,"column":4},"end":{"line":30,"column":19}},"7":{"start":{"line":24,"column":26},"end":{"line":24,"column":88}},"8":{"start":{"line":25,"column":8},"end":{"line":25,"column":27}},"9":{"start":{"line":28,"column":8},"end":{"line":28,"column":20}}},"fnMap":{"0":{"name":"(anonymous_0)","decl":{"start":{"line":14,"column":20},"end":{"line":14,"column":21}},"loc":{"start":{"line":15,"column":2},"end":{"line":31,"column":4}},"line":15},"1":{"name":"(anonymous_1)","decl":{"start":{"line":15,"column":14},"end":{"line":15,"column":15}},"loc":{"start":{"line":15,"column":35},"end":{"line":31,"column":3}},"line":15},"2":{"name":"(anonymous_2)","decl":{"start":{"line":23,"column":20},"end":{"line":23,"column":21}},"loc":{"start":{"line":23,"column":26},"end":{"line":26,"column":7}},"line":23},"3":{"name":"(anonymous_3)","decl":{"start":{"line":27,"column":19},"end":{"line":27,"column":20}},"loc":{"start":{"line":27,"column":28},"end":{"line":29,"column":7}},"line":27}},"branchMap":{},"s":{"0":1,"1":1,"2":0,"3":0,"4":0,"5":0,"6":0,"7":0,"8":0,"9":0},"f":{"0":0,"1":0,"2":0,"3":0},"b":{},"inputSourceMap":null,"_coverageSchema":"1a1c01bbd47fc00a2c39e90264f33305004495a9","hash":"bbbece02a3c8a69b10e70bc45f896b5d8d72fb1a"}
,"C:\\Users\\affanabdillah\\IdeaProjects\\Project Hacktiv8\\phase3\\week3\\Hacklingo-backend\\middlewares\\authorizations.js": {"path":"C:\\Users\\affanabdillah\\IdeaProjects\\Project Hacktiv8\\phase3\\week3\\Hacklingo-backend\\middlewares\\authorizations.js","statementMap":{"0":{"start":{"line":6,"column":2},"end":{"line":25,"column":3}},"1":{"start":{"line":9,"column":19},"end":{"line":9,"column":29}},"2":{"start":{"line":10,"column":4},"end":{"line":12,"column":5}},"3":{"start":{"line":11,"column":6},"end":{"line":11,"column":33}},"4":{"start":{"line":13,"column":17},"end":{"line":13,"column":51}},"5":{"start":{"line":15,"column":4},"end":{"line":17,"column":5}},"6":{"start":{"line":16,"column":6},"end":{"line":16,"column":33}},"7":{"start":{"line":19,"column":4},"end":{"line":21,"column":5}},"8":{"start":{"line":20,"column":6},"end":{"line":20,"column":34}},"9":{"start":{"line":22,"column":4},"end":{"line":22,"column":11}},"10":{"start":{"line":24,"column":4},"end":{"line":24,"column":14}},"11":{"start":{"line":29,"column":2},"end":{"line":48,"column":3}},"12":{"start":{"line":32,"column":19},"end":{"line":32,"column":29}},"13":{"start":{"line":33,"column":4},"end":{"line":35,"column":5}},"14":{"start":{"line":34,"column":6},"end":{"line":34,"column":33}},"15":{"start":{"line":36,"column":17},"end":{"line":36,"column":51}},"16":{"start":{"line":38,"column":4},"end":{"line":40,"column":5}},"17":{"start":{"line":39,"column":6},"end":{"line":39,"column":33}},"18":{"start":{"line":42,"column":4},"end":{"line":44,"column":5}},"19":{"start":{"line":43,"column":6},"end":{"line":43,"column":34}},"20":{"start":{"line":45,"column":4},"end":{"line":45,"column":11}},"21":{"start":{"line":47,"column":4},"end":{"line":47,"column":14}},"22":{"start":{"line":52,"column":2},"end":{"line":73,"column":3}},"23":{"start":{"line":55,"column":19},"end":{"line":55,"column":29}},"24":{"start":{"line":56,"column":4},"end":{"line":58,"column":5}},"25":{"start":{"line":57,"column":6},"end":{"line":57,"column":33}},"26":{"start":{"line":59,"column":20},"end":{"line":59,"column":57}},"27":{"start":{"line":61,"column":4},"end":{"line":64,"column":5}},"28":{"start":{"line":62,"column":6},"end":{"line":62,"column":32}},"29":{"start":{"line":63,"column":6},"end":{"line":63,"column":33}},"30":{"start":{"line":66,"column":4},"end":{"line":69,"column":5}},"31":{"start":{"line":67,"column":6},"end":{"line":67,"column":32}},"32":{"start":{"line":68,"column":6},"end":{"line":68,"column":34}},"33":{"start":{"line":70,"column":4},"end":{"line":70,"column":11}},"34":{"start":{"line":72,"column":4},"end":{"line":72,"column":14}}},"fnMap":{"0":{"name":"userAuthorization","decl":{"start":{"line":5,"column":15},"end":{"line":5,"column":32}},"loc":{"start":{"line":5,"column":49},"end":{"line":26,"column":1}},"line":5},"1":{"name":"postAuthorization","decl":{"start":{"line":28,"column":15},"end":{"line":28,"column":32}},"loc":{"start":{"line":28,"column":49},"end":{"line":49,"column":1}},"line":28},"2":{"name":"commentAuthorization","decl":{"start":{"line":51,"column":15},"end":{"line":51,"column":35}},"loc":{"start":{"line":51,"column":52},"end":{"line":74,"column":1}},"line":51}},"branchMap":{"0":{"loc":{"start":{"line":10,"column":4},"end":{"line":12,"column":5}},"type":"if","locations":[{"start":{"line":10,"column":4},"end":{"line":12,"column":5}},{"start":{},"end":{}}],"line":10},"1":{"loc":{"start":{"line":15,"column":4},"end":{"line":17,"column":5}},"type":"if","locations":[{"start":{"line":15,"column":4},"end":{"line":17,"column":5}},{"start":{},"end":{}}],"line":15},"2":{"loc":{"start":{"line":19,"column":4},"end":{"line":21,"column":5}},"type":"if","locations":[{"start":{"line":19,"column":4},"end":{"line":21,"column":5}},{"start":{},"end":{}}],"line":19},"3":{"loc":{"start":{"line":33,"column":4},"end":{"line":35,"column":5}},"type":"if","locations":[{"start":{"line":33,"column":4},"end":{"line":35,"column":5}},{"start":{},"end":{}}],"line":33},"4":{"loc":{"start":{"line":38,"column":4},"end":{"line":40,"column":5}},"type":"if","locations":[{"start":{"line":38,"column":4},"end":{"line":40,"column":5}},{"start":{},"end":{}}],"line":38},"5":{"loc":{"start":{"line":42,"column":4},"end":{"line":44,"column":5}},"type":"if","locations":[{"start":{"line":42,"column":4},"end":{"line":44,"column":5}},{"start":{},"end":{}}],"line":42},"6":{"loc":{"start":{"line":56,"column":4},"end":{"line":58,"column":5}},"type":"if","locations":[{"start":{"line":56,"column":4},"end":{"line":58,"column":5}},{"start":{},"end":{}}],"line":56},"7":{"loc":{"start":{"line":61,"column":4},"end":{"line":64,"column":5}},"type":"if","locations":[{"start":{"line":61,"column":4},"end":{"line":64,"column":5}},{"start":{},"end":{}}],"line":61},"8":{"loc":{"start":{"line":66,"column":4},"end":{"line":69,"column":5}},"type":"if","locations":[{"start":{"line":66,"column":4},"end":{"line":69,"column":5}},{"start":{},"end":{}}],"line":66}},"s":{"0":9,"1":9,"2":9,"3":1,"4":8,"5":8,"6":0,"7":8,"8":1,"9":7,"10":2,"11":5,"12":5,"13":5,"14":1,"15":4,"16":4,"17":0,"18":4,"19":1,"20":3,"21":2,"22":4,"23":4,"24":4,"25":1,"26":3,"27":3,"28":0,"29":0,"30":3,"31":0,"32":0,"33":3,"34":1},"f":{"0":9,"1":5,"2":4},"b":{"0":[1,8],"1":[0,8],"2":[1,7],"3":[1,4],"4":[0,4],"5":[1,3],"6":[1,3],"7":[0,3],"8":[0,3]},"inputSourceMap":null,"_coverageSchema":"1a1c01bbd47fc00a2c39e90264f33305004495a9","hash":"19ea3c5e47b4041f92278bce1fd30ea68ffe02cd"}
,"C:\\Users\\affanabdillah\\IdeaProjects\\Project Hacktiv8\\phase3\\week3\\Hacklingo-backend\\middlewares\\errorHandler.js": {"path":"C:\\Users\\affanabdillah\\IdeaProjects\\Project Hacktiv8\\phase3\\week3\\Hacklingo-backend\\middlewares\\errorHandler.js","statementMap":{"0":{"start":{"line":3,"column":2},"end":{"line":36,"column":3}},"1":{"start":{"line":4,"column":4},"end":{"line":6,"column":6}},"2":{"start":{"line":7,"column":9},"end":{"line":36,"column":3}},"3":{"start":{"line":8,"column":4},"end":{"line":10,"column":6}},"4":{"start":{"line":11,"column":9},"end":{"line":36,"column":3}},"5":{"start":{"line":12,"column":4},"end":{"line":14,"column":6}},"6":{"start":{"line":15,"column":9},"end":{"line":36,"column":3}},"7":{"start":{"line":16,"column":4},"end":{"line":18,"column":6}},"8":{"start":{"line":19,"column":9},"end":{"line":36,"column":3}},"9":{"start":{"line":20,"column":4},"end":{"line":22,"column":6}},"10":{"start":{"line":23,"column":9},"end":{"line":36,"column":3}},"11":{"start":{"line":24,"column":4},"end":{"line":26,"column":6}},"12":{"start":{"line":27,"column":9},"end":{"line":36,"column":3}},"13":{"start":{"line":28,"column":4},"end":{"line":30,"column":6}},"14":{"start":{"line":32,"column":4},"end":{"line":32,"column":21}},"15":{"start":{"line":33,"column":4},"end":{"line":35,"column":6}}},"fnMap":{"0":{"name":"errorHandler","decl":{"start":{"line":2,"column":9},"end":{"line":2,"column":21}},"loc":{"start":{"line":2,"column":43},"end":{"line":37,"column":1}},"line":2}},"branchMap":{"0":{"loc":{"start":{"line":3,"column":2},"end":{"line":36,"column":3}},"type":"if","locations":[{"start":{"line":3,"column":2},"end":{"line":36,"column":3}},{"start":{"line":7,"column":9},"end":{"line":36,"column":3}}],"line":3},"1":{"loc":{"start":{"line":7,"column":9},"end":{"line":36,"column":3}},"type":"if","locations":[{"start":{"line":7,"column":9},"end":{"line":36,"column":3}},{"start":{"line":11,"column":9},"end":{"line":36,"column":3}}],"line":7},"2":{"loc":{"start":{"line":11,"column":9},"end":{"line":36,"column":3}},"type":"if","locations":[{"start":{"line":11,"column":9},"end":{"line":36,"column":3}},{"start":{"line":15,"column":9},"end":{"line":36,"column":3}}],"line":11},"3":{"loc":{"start":{"line":15,"column":9},"end":{"line":36,"column":3}},"type":"if","locations":[{"start":{"line":15,"column":9},"end":{"line":36,"column":3}},{"start":{"line":19,"column":9},"end":{"line":36,"column":3}}],"line":15},"4":{"loc":{"start":{"line":19,"column":9},"end":{"line":36,"column":3}},"type":"if","locations":[{"start":{"line":19,"column":9},"end":{"line":36,"column":3}},{"start":{"line":23,"column":9},"end":{"line":36,"column":3}}],"line":19},"5":{"loc":{"start":{"line":23,"column":9},"end":{"line":36,"column":3}},"type":"if","locations":[{"start":{"line":23,"column":9},"end":{"line":36,"column":3}},{"start":{"line":27,"column":9},"end":{"line":36,"column":3}}],"line":23},"6":{"loc":{"start":{"line":27,"column":9},"end":{"line":36,"column":3}},"type":"if","locations":[{"start":{"line":27,"column":9},"end":{"line":36,"column":3}},{"start":{"line":31,"column":9},"end":{"line":36,"column":3}}],"line":27}},"s":{"0":43,"1":9,"2":34,"3":27,"4":7,"5":2,"6":5,"7":3,"8":2,"9":1,"10":1,"11":1,"12":0,"13":0,"14":0,"15":0},"f":{"0":43},"b":{"0":[9,34],"1":[27,7],"2":[2,5],"3":[3,2],"4":[1,1],"5":[1,0],"6":[0,0]},"inputSourceMap":null,"_coverageSchema":"1a1c01bbd47fc00a2c39e90264f33305004495a9","hash":"b003c07c9291e1f50e201abb5c88672729f7e9f3"}
,"C:\\Users\\affanabdillah\\IdeaProjects\\Project Hacktiv8\\phase3\\week3\\Hacklingo-backend\\middlewares\\uploadMiddleware.js": {"path":"C:\\Users\\affanabdillah\\IdeaProjects\\Project Hacktiv8\\phase3\\week3\\Hacklingo-backend\\middlewares\\uploadMiddleware.js","statementMap":{"0":{"start":{"line":4,"column":2},"end":{"line":16,"column":3}},"1":{"start":{"line":5,"column":4},"end":{"line":12,"column":5}},"2":{"start":{"line":6,"column":21},"end":{"line":6,"column":29}},"3":{"start":{"line":7,"column":6},"end":{"line":9,"column":7}},"4":{"start":{"line":8,"column":8},"end":{"line":8,"column":37}},"5":{"start":{"line":10,"column":23},"end":{"line":10,"column":48}},"6":{"start":{"line":11,"column":6},"end":{"line":11,"column":30}},"7":{"start":{"line":13,"column":4},"end":{"line":13,"column":11}},"8":{"start":{"line":15,"column":4},"end":{"line":15,"column":16}}},"fnMap":{"0":{"name":"uploadMiddleware","decl":{"start":{"line":3,"column":15},"end":{"line":3,"column":31}},"loc":{"start":{"line":3,"column":48},"end":{"line":17,"column":1}},"line":3}},"branchMap":{"0":{"loc":{"start":{"line":5,"column":4},"end":{"line":12,"column":5}},"type":"if","locations":[{"start":{"line":5,"column":4},"end":{"line":12,"column":5}},{"start":{},"end":{}}],"line":5},"1":{"loc":{"start":{"line":7,"column":6},"end":{"line":9,"column":7}},"type":"if","locations":[{"start":{"line":7,"column":6},"end":{"line":9,"column":7}},{"start":{},"end":{}}],"line":7}},"s":{"0":26,"1":26,"2":0,"3":0,"4":0,"5":0,"6":0,"7":26,"8":0},"f":{"0":26},"b":{"0":[0,26],"1":[0,0]},"inputSourceMap":null,"_coverageSchema":"1a1c01bbd47fc00a2c39e90264f33305004495a9","hash":"0fa02aec7f5eef4b3b7e4bd83d29af6f1e3f4342"}
,"C:\\Users\\affanabdillah\\IdeaProjects\\Project Hacktiv8\\phase3\\week3\\Hacklingo-backend\\middlewares\\userAuthentication.js": {"path":"C:\\Users\\affanabdillah\\IdeaProjects\\Project Hacktiv8\\phase3\\week3\\Hacklingo-backend\\middlewares\\userAuthentication.js","statementMap":{"0":{"start":{"line":4,"column":2},"end":{"line":22,"column":3}},"1":{"start":{"line":7,"column":19},"end":{"line":7,"column":37}},"2":{"start":{"line":8,"column":4},"end":{"line":10,"column":5}},"3":{"start":{"line":9,"column":6},"end":{"line":9,"column":37}},"4":{"start":{"line":11,"column":4},"end":{"line":13,"column":5}},"5":{"start":{"line":12,"column":6},"end":{"line":12,"column":37}},"6":{"start":{"line":14,"column":17},"end":{"line":14,"column":44}},"7":{"start":{"line":15,"column":4},"end":{"line":17,"column":5}},"8":{"start":{"line":16,"column":6},"end":{"line":16,"column":37}},"9":{"start":{"line":18,"column":4},"end":{"line":18,"column":24}},"10":{"start":{"line":19,"column":4},"end":{"line":19,"column":11}},"11":{"start":{"line":21,"column":4},"end":{"line":21,"column":14}}},"fnMap":{"0":{"name":"userAuthentication","decl":{"start":{"line":3,"column":15},"end":{"line":3,"column":33}},"loc":{"start":{"line":3,"column":50},"end":{"line":23,"column":1}},"line":3}},"branchMap":{"0":{"loc":{"start":{"line":8,"column":4},"end":{"line":10,"column":5}},"type":"if","locations":[{"start":{"line":8,"column":4},"end":{"line":10,"column":5}},{"start":{},"end":{}}],"line":8},"1":{"loc":{"start":{"line":11,"column":4},"end":{"line":13,"column":5}},"type":"if","locations":[{"start":{"line":11,"column":4},"end":{"line":13,"column":5}},{"start":{},"end":{}}],"line":11},"2":{"loc":{"start":{"line":15,"column":4},"end":{"line":17,"column":5}},"type":"if","locations":[{"start":{"line":15,"column":4},"end":{"line":17,"column":5}},{"start":{},"end":{}}],"line":15}},"s":{"0":52,"1":52,"2":52,"3":3,"4":49,"5":0,"6":49,"7":49,"8":0,"9":49,"10":49,"11":3},"f":{"0":52},"b":{"0":[3,49],"1":[0,49],"2":[0,49]},"inputSourceMap":null,"_coverageSchema":"1a1c01bbd47fc00a2c39e90264f33305004495a9","hash":"de205e2a02250d507a1d07ad8e6837f9a85bdb09"}
,"C:\\Users\\affanabdillah\\IdeaProjects\\Project Hacktiv8\\phase3\\week3\\Hacklingo-backend\\models\\Article.js": {"path":"C:\\Users\\affanabdillah\\IdeaProjects\\Project Hacktiv8\\phase3\\week3\\Hacklingo-backend\\models\\Article.js","statementMap":{"0":{"start":{"line":2,"column":19},"end":{"line":2,"column":27}},"1":{"start":{"line":4,"column":22},"end":{"line":20,"column":1}},"2":{"start":{"line":22,"column":16},"end":{"line":22,"column":56}}},"fnMap":{},"branchMap":{},"s":{"0":1,"1":1,"2":1},"f":{},"b":{},"inputSourceMap":null,"_coverageSchema":"1a1c01bbd47fc00a2c39e90264f33305004495a9","hash":"f99ad81a5ebcf2c417bded45e901513c64cfe211"}
,"C:\\Users\\affanabdillah\\IdeaProjects\\Project Hacktiv8\\phase3\\week3\\Hacklingo-backend\\models\\Comment.js": {"path":"C:\\Users\\affanabdillah\\IdeaProjects\\Project Hacktiv8\\phase3\\week3\\Hacklingo-backend\\models\\Comment.js","statementMap":{"0":{"start":{"line":2,"column":19},"end":{"line":2,"column":27}},"1":{"start":{"line":4,"column":22},"end":{"line":20,"column":1}},"2":{"start":{"line":22,"column":16},"end":{"line":22,"column":56}}},"fnMap":{},"branchMap":{},"s":{"0":1,"1":1,"2":1},"f":{},"b":{},"inputSourceMap":null,"_coverageSchema":"1a1c01bbd47fc00a2c39e90264f33305004495a9","hash":"e0682cdfc9435c2ba7832d090d1ccd02f0e9a626"}
,"C:\\Users\\affanabdillah\\IdeaProjects\\Project Hacktiv8\\phase3\\week3\\Hacklingo-backend\\models\\Forum.js": {"path":"C:\\Users\\affanabdillah\\IdeaProjects\\Project Hacktiv8\\phase3\\week3\\Hacklingo-backend\\models\\Forum.js","statementMap":{"0":{"start":{"line":2,"column":19},"end":{"line":2,"column":27}},"1":{"start":{"line":4,"column":20},"end":{"line":27,"column":1}},"2":{"start":{"line":29,"column":14},"end":{"line":29,"column":50}}},"fnMap":{},"branchMap":{},"s":{"0":1,"1":1,"2":1},"f":{},"b":{},"inputSourceMap":null,"_coverageSchema":"1a1c01bbd47fc00a2c39e90264f33305004495a9","hash":"3dc4bc76b96f56bf056b41b5d2acdaf697eebfa3"}
,"C:\\Users\\affanabdillah\\IdeaProjects\\Project Hacktiv8\\phase3\\week3\\Hacklingo-backend\\models\\Post.js": {"path":"C:\\Users\\affanabdillah\\IdeaProjects\\Project Hacktiv8\\phase3\\week3\\Hacklingo-backend\\models\\Post.js","statementMap":{"0":{"start":{"line":2,"column":19},"end":{"line":2,"column":27}},"1":{"start":{"line":4,"column":19},"end":{"line":39,"column":1}},"2":{"start":{"line":15,"column":10},"end":{"line":15,"column":35}},"3":{"start":{"line":41,"column":13},"end":{"line":41,"column":47}}},"fnMap":{"0":{"name":"(anonymous_0)","decl":{"start":{"line":14,"column":19},"end":{"line":14,"column":20}},"loc":{"start":{"line":14,"column":28},"end":{"line":16,"column":9}},"line":14}},"branchMap":{},"s":{"0":1,"1":1,"2":6,"3":1},"f":{"0":6},"b":{},"inputSourceMap":null,"_coverageSchema":"1a1c01bbd47fc00a2c39e90264f33305004495a9","hash":"2118058abd053cf98e10e6f7eff9033ab56193e5"}
,"C:\\Users\\affanabdillah\\IdeaProjects\\Project Hacktiv8\\phase3\\week3\\Hacklingo-backend\\models\\User.js": {"path":"C:\\Users\\affanabdillah\\IdeaProjects\\Project Hacktiv8\\phase3\\week3\\Hacklingo-backend\\models\\User.js","statementMap":{"0":{"start":{"line":3,"column":19},"end":{"line":3,"column":27}},"1":{"start":{"line":5,"column":19},"end":{"line":88,"column":1}},"2":{"start":{"line":90,"column":0},"end":{"line":99,"column":3}},"3":{"start":{"line":91,"column":2},"end":{"line":93,"column":3}},"4":{"start":{"line":92,"column":4},"end":{"line":92,"column":18}},"5":{"start":{"line":94,"column":2},"end":{"line":98,"column":3}},"6":{"start":{"line":95,"column":4},"end":{"line":95,"column":48}},"7":{"start":{"line":96,"column":4},"end":{"line":96,"column":11}},"8":{"start":{"line":101,"column":13},"end":{"line":101,"column":47}}},"fnMap":{"0":{"name":"(anonymous_0)","decl":{"start":{"line":90,"column":23},"end":{"line":90,"column":24}},"loc":{"start":{"line":90,"column":38},"end":{"line":99,"column":1}},"line":90}},"branchMap":{"0":{"loc":{"start":{"line":91,"column":2},"end":{"line":93,"column":3}},"type":"if","locations":[{"start":{"line":91,"column":2},"end":{"line":93,"column":3}},{"start":{},"end":{}}],"line":91}},"s":{"0":1,"1":1,"2":1,"3":6,"4":3,"5":3,"6":3,"7":3,"8":1},"f":{"0":6},"b":{"0":[3,3]},"inputSourceMap":null,"_coverageSchema":"1a1c01bbd47fc00a2c39e90264f33305004495a9","hash":"fe6287dae4f714d1a08122373a756dfe740b4756"}
}
