TN:
SF:app.js
FN:104,(anonymous_0)
FN:114,(anonymous_1)
FN:124,(anonymous_2)
FN:134,(anonymous_3)
FN:144,(anonymous_4)
FN:156,(anonymous_5)
FN:166,(anonymous_6)
FN:178,(anonymous_7)
FN:193,(anonymous_8)
FN:210,(anonymous_9)
FN:221,(anonymous_10)
FN:236,(anonymous_11)
FN:239,(anonymous_12)
FN:254,(anonymous_13)
FN:269,(anonymous_14)
FN:285,(anonymous_15)
FN:308,createApolloServer
FNF:17
FNH:5
FNDA:0,(anonymous_0)
FNDA:0,(anonymous_1)
FNDA:0,(anonymous_2)
FNDA:0,(anonymous_3)
FNDA:0,(anonymous_4)
FNDA:11,(anonymous_5)
FNDA:5,(anonymous_6)
FNDA:0,(anonymous_7)
FNDA:6,(anonymous_8)
FNDA:0,(anonymous_9)
FNDA:0,(anonymous_10)
FNDA:0,(anonymous_11)
FNDA:0,(anonymous_12)
FNDA:0,(anonymous_13)
FNDA:5,(anonymous_14)
FNDA:0,(anonymous_15)
FNDA:1,createApolloServer
DA:1,1
DA:2,1
DA:3,1
DA:4,1
DA:5,1
DA:6,1
DA:8,1
DA:102,1
DA:105,0
DA:106,0
DA:107,0
DA:109,0
DA:110,0
DA:115,0
DA:116,0
DA:117,0
DA:119,0
DA:120,0
DA:125,0
DA:126,0
DA:127,0
DA:129,0
DA:130,0
DA:135,0
DA:136,0
DA:137,0
DA:139,0
DA:140,0
DA:145,0
DA:146,0
DA:147,0
DA:149,0
DA:150,0
DA:157,11
DA:158,11
DA:159,11
DA:160,1
DA:162,10
DA:167,5
DA:168,5
DA:172,1
DA:174,4
DA:179,0
DA:180,0
DA:181,0
DA:182,0
DA:185,0
DA:189,0
DA:194,6
DA:195,6
DA:196,6
DA:197,6
DA:198,6
DA:199,1
DA:200,1
DA:201,1
DA:202,1
DA:203,1
DA:205,5
DA:206,5
DA:211,0
DA:212,0
DA:215,0
DA:217,0
DA:222,0
DA:223,0
DA:224,0
DA:225,0
DA:228,0
DA:232,0
DA:237,0
DA:238,0
DA:239,0
DA:246,0
DA:250,0
DA:255,0
DA:256,0
DA:257,0
DA:258,0
DA:261,0
DA:265,0
DA:270,5
DA:271,5
DA:272,5
DA:273,5
DA:274,5
DA:275,1
DA:276,1
DA:277,1
DA:278,1
DA:279,1
DA:281,4
DA:286,0
DA:287,0
DA:288,0
DA:289,0
DA:292,0
DA:296,0
DA:302,1
DA:309,1
DA:314,1
LF:101
LH:43
BRDA:181,0,0,0
BRDA:181,0,1,0
BRDA:224,1,0,0
BRDA:224,1,1,0
BRDA:257,2,0,0
BRDA:257,2,1,0
BRDA:288,3,0,0
BRDA:288,3,1,0
BRDA:310,4,0,1
BRDA:310,4,1,1
BRF:10
BRH:2
end_of_record
TN:
SF:config\connectToMongoDB.js
FN:3,(anonymous_0)
FN:7,main
FNF:2
FNH:1
FNDA:0,(anonymous_0)
FNDA:1,main
DA:1,1
DA:3,1
DA:8,1
DA:11,1
LF:4
LH:4
BRF:0
BRH:0
end_of_record
TN:
SF:models\Comment.js
FNF:0
FNH:0
DA:1,1
DA:2,1
DA:4,1
DA:22,1
DA:24,1
LF:5
LH:5
BRF:0
BRH:0
end_of_record
TN:
SF:models\Forum.js
FNF:0
FNH:0
DA:1,1
DA:2,1
DA:4,1
DA:21,1
DA:23,1
LF:5
LH:5
BRF:0
BRH:0
end_of_record
TN:
SF:models\Post.js
FN:14,(anonymous_0)
FNF:1
FNH:1
FNDA:6,(anonymous_0)
DA:1,1
DA:2,1
DA:4,1
DA:15,6
DA:38,1
DA:40,1
LF:6
LH:6
BRF:0
BRH:0
end_of_record
TN:
SF:models\User.js
FN:20,(anonymous_0)
FNF:1
FNH:1
FNDA:15,(anonymous_0)
DA:1,1
DA:2,1
DA:4,1
DA:21,15
DA:79,1
DA:81,1
LF:6
LH:6
BRF:0
BRH:0
end_of_record
