TN:
SF:app.js
FN:22,(anonymous_0)
FNF:1
FNH:0
FNDA:0,(anonymous_0)
DA:7,1
DA:9,1
DA:17,1
DA:18,1
DA:19,1
DA:20,1
DA:22,1
DA:23,0
DA:26,1
DA:28,1
LF:10
LH:9
BRF:0
BRH:0
end_of_record
TN:
SF:config\connectToGoogleCloudStorage.js
FNF:0
FNH:0
DA:5,1
DA:6,1
DA:7,1
DA:12,1
DA:13,1
LF:5
LH:5
BRF:0
BRH:0
end_of_record
TN:
SF:config\connectToMongoDB.js
FN:3,(anonymous_0)
FN:7,main
FNF:2
FNH:1
FNDA:0,(anonymous_0)
FNDA:1,main
DA:3,1
DA:9,1
DA:12,1
LF:3
LH:3
BRDA:9,0,0,1
BRDA:9,0,1,0
BRF:2
BRH:1
end_of_record
TN:
SF:controllers\articleController.js
FN:5,(anonymous_0)
FN:20,(anonymous_1)
FN:30,(anonymous_2)
FNF:3
FNH:3
FNDA:3,(anonymous_0)
FNDA:2,(anonymous_1)
FNDA:3,(anonymous_2)
DA:6,3
DA:7,3
DA:8,1
DA:10,2
DA:11,2
DA:12,1
DA:14,1
DA:16,2
DA:21,2
DA:22,2
DA:23,2
DA:24,2
DA:26,0
DA:31,3
DA:32,3
DA:33,3
DA:34,3
DA:35,1
DA:36,1
DA:37,1
DA:39,2
LF:21
LH:20
BRDA:7,0,0,1
BRDA:7,0,1,2
BRDA:11,1,0,1
BRDA:11,1,1,1
BRF:4
BRH:4
end_of_record
TN:
SF:controllers\commentController.js
FN:6,(anonymous_0)
FN:21,(anonymous_1)
FN:37,(anonymous_2)
FN:53,(anonymous_3)
FNF:4
FNH:4
FNDA:3,(anonymous_0)
FNDA:4,(anonymous_1)
FNDA:2,(anonymous_2)
FNDA:1,(anonymous_3)
DA:7,3
DA:8,3
DA:9,1
DA:11,2
DA:12,2
DA:13,1
DA:15,1
DA:17,2
DA:22,4
DA:23,4
DA:24,4
DA:25,4
DA:26,4
DA:27,1
DA:28,1
DA:29,1
DA:30,1
DA:31,1
DA:33,3
DA:38,2
DA:39,2
DA:47,1
DA:49,1
DA:54,1
DA:55,1
DA:56,1
DA:60,0
LF:27
LH:26
BRDA:8,0,0,1
BRDA:8,0,1,2
BRDA:12,1,0,1
BRDA:12,1,1,1
BRF:4
BRH:4
end_of_record
TN:
SF:controllers\forumController.js
FN:4,(anonymous_0)
FN:16,(anonymous_1)
FN:34,(anonymous_2)
FN:37,(anonymous_3)
FN:53,(anonymous_4)
FNF:5
FNH:5
FNDA:1,(anonymous_0)
FNDA:3,(anonymous_1)
FNDA:2,(anonymous_2)
FNDA:14,(anonymous_3)
FNDA:3,(anonymous_4)
DA:5,1
DA:6,1
DA:10,1
DA:12,0
DA:17,3
DA:18,3
DA:19,1
DA:21,2
DA:25,2
DA:26,1
DA:28,1
DA:30,2
DA:35,2
DA:36,2
DA:37,14
DA:44,1
DA:49,1
DA:54,3
DA:55,3
DA:56,1
DA:58,2
DA:59,2
DA:60,1
DA:62,1
DA:66,2
LF:25
LH:24
BRDA:18,0,0,1
BRDA:18,0,1,2
BRDA:25,1,0,1
BRDA:25,1,1,1
BRDA:55,2,0,1
BRDA:55,2,1,2
BRDA:59,3,0,1
BRDA:59,3,1,1
BRF:8
BRH:8
end_of_record
TN:
SF:controllers\postController.js
FN:6,(anonymous_0)
FN:16,(anonymous_1)
FN:31,(anonymous_2)
FN:51,(anonymous_3)
FN:67,(anonymous_4)
FNF:5
FNH:5
FNDA:2,(anonymous_0)
FNDA:3,(anonymous_1)
FNDA:6,(anonymous_2)
FNDA:2,(anonymous_3)
FNDA:1,(anonymous_4)
DA:7,2
DA:8,2
DA:9,2
DA:10,2
DA:12,0
DA:17,3
DA:18,3
DA:19,1
DA:21,2
DA:22,2
DA:23,1
DA:25,1
DA:27,2
DA:32,6
DA:33,6
DA:38,6
DA:39,6
DA:40,6
DA:41,2
DA:42,2
DA:43,2
DA:44,2
DA:45,2
DA:47,4
DA:52,2
DA:53,2
DA:61,1
DA:63,1
DA:68,1
DA:69,1
DA:70,1
DA:74,0
LF:32
LH:30
BRDA:18,0,0,1
BRDA:18,0,1,2
BRDA:22,1,0,1
BRDA:22,1,1,1
BRF:4
BRH:4
end_of_record
TN:
SF:controllers\userController.js
FN:5,(anonymous_0)
FN:25,(anonymous_1)
FN:43,(anonymous_2)
FN:53,(anonymous_3)
FN:77,(anonymous_4)
FNF:5
FNH:5
FNDA:2,(anonymous_0)
FNDA:3,(anonymous_1)
FNDA:15,(anonymous_2)
FNDA:6,(anonymous_3)
FNDA:1,(anonymous_4)
DA:6,2
DA:7,2
DA:19,2
DA:21,0
DA:26,3
DA:27,3
DA:28,1
DA:30,2
DA:34,2
DA:35,1
DA:37,1
DA:39,2
DA:44,15
DA:45,15
DA:46,15
DA:47,2
DA:49,13
DA:54,6
DA:55,6
DA:71,1
DA:73,5
DA:78,1
DA:82,1
DA:83,1
DA:87,0
LF:25
LH:23
BRDA:27,0,0,1
BRDA:27,0,1,2
BRDA:34,1,0,1
BRDA:34,1,1,1
BRF:4
BRH:4
end_of_record
TN:
SF:helpers\bcrypt.js
FN:3,hashPassword
FN:7,checkPassword
FNF:2
FNH:1
FNDA:4,hashPassword
FNDA:0,checkPassword
DA:4,4
DA:8,0
LF:2
LH:1
BRF:0
BRH:0
end_of_record
TN:
SF:helpers\upload-image.js
FN:14,(anonymous_0)
FN:15,(anonymous_1)
FN:23,(anonymous_2)
FN:27,(anonymous_3)
FNF:4
FNH:3
FNDA:3,(anonymous_0)
FNDA:3,(anonymous_1)
FNDA:3,(anonymous_2)
FNDA:0,(anonymous_3)
DA:3,1
DA:14,1
DA:15,3
DA:16,3
DA:18,3
DA:19,3
DA:22,3
DA:24,3
DA:25,3
DA:28,0
LF:10
LH:9
BRF:0
BRH:0
end_of_record
TN:
SF:middlewares\authorizations.js
FN:5,userAuthorization
FN:28,postAuthorization
FN:51,commentAuthorization
FNF:3
FNH:3
FNDA:10,userAuthorization
FNDA:5,postAuthorization
FNDA:5,commentAuthorization
DA:6,10
DA:9,10
DA:10,10
DA:11,1
DA:13,9
DA:15,9
DA:16,1
DA:19,8
DA:20,1
DA:22,7
DA:24,3
DA:29,5
DA:32,5
DA:33,5
DA:34,1
DA:36,4
DA:38,4
DA:39,0
DA:42,4
DA:43,1
DA:45,3
DA:47,2
DA:52,5
DA:55,5
DA:56,5
DA:57,1
DA:59,4
DA:61,4
DA:62,1
DA:65,3
DA:66,0
DA:68,3
DA:70,2
LF:33
LH:31
BRDA:10,0,0,1
BRDA:10,0,1,9
BRDA:15,1,0,1
BRDA:15,1,1,8
BRDA:19,2,0,1
BRDA:19,2,1,7
BRDA:33,3,0,1
BRDA:33,3,1,4
BRDA:38,4,0,0
BRDA:38,4,1,4
BRDA:42,5,0,1
BRDA:42,5,1,3
BRDA:56,6,0,1
BRDA:56,6,1,4
BRDA:61,7,0,1
BRDA:61,7,1,3
BRDA:65,8,0,0
BRDA:65,8,1,3
BRF:18
BRH:16
end_of_record
TN:
SF:middlewares\errorHandler.js
FN:2,errorHandler
FNF:1
FNH:1
FNDA:54,errorHandler
DA:3,54
DA:4,17
DA:7,37
DA:8,28
DA:11,9
DA:12,2
DA:15,7
DA:16,3
DA:19,4
DA:20,1
DA:23,3
DA:24,1
DA:27,2
DA:28,1
DA:31,1
DA:32,1
DA:36,0
DA:37,0
LF:18
LH:16
BRDA:3,0,0,17
BRDA:3,0,1,37
BRDA:7,1,0,28
BRDA:7,1,1,9
BRDA:11,2,0,2
BRDA:11,2,1,7
BRDA:15,3,0,3
BRDA:15,3,1,4
BRDA:19,4,0,1
BRDA:19,4,1,3
BRDA:23,5,0,1
BRDA:23,5,1,2
BRDA:27,6,0,1
BRDA:27,6,1,1
BRDA:31,7,0,1
BRDA:31,7,1,0
BRF:16
BRH:15
end_of_record
TN:
SF:middlewares\uploadMiddleware.js
FN:3,uploadMiddleware
FNF:1
FNH:1
FNDA:30,uploadMiddleware
DA:4,30
DA:5,30
DA:6,4
DA:7,4
DA:8,1
DA:10,3
DA:11,3
DA:13,29
DA:15,1
LF:9
LH:9
BRDA:5,0,0,4
BRDA:5,0,1,26
BRDA:7,1,0,1
BRDA:7,1,1,3
BRF:4
BRH:4
end_of_record
TN:
SF:middlewares\userAuthentication.js
FN:3,userAuthentication
FNF:1
FNH:1
FNDA:61,userAuthentication
DA:4,61
DA:7,61
DA:8,61
DA:9,3
DA:11,58
DA:12,0
DA:14,58
DA:15,58
DA:16,0
DA:18,58
DA:19,58
DA:21,3
LF:12
LH:10
BRDA:8,0,0,3
BRDA:8,0,1,58
BRDA:11,1,0,0
BRDA:11,1,1,58
BRDA:15,2,0,0
BRDA:15,2,1,58
BRF:6
BRH:4
end_of_record
TN:
SF:models\Article.js
FNF:0
FNH:0
DA:2,1
DA:4,1
DA:22,1
LF:3
LH:3
BRF:0
BRH:0
end_of_record
TN:
SF:models\Comment.js
FNF:0
FNH:0
DA:2,1
DA:4,1
DA:22,1
LF:3
LH:3
BRF:0
BRH:0
end_of_record
TN:
SF:models\Forum.js
FNF:0
FNH:0
DA:2,1
DA:4,1
DA:29,1
LF:3
LH:3
BRF:0
BRH:0
end_of_record
TN:
SF:models\Post.js
FN:14,(anonymous_0)
FNF:1
FNH:1
FNDA:7,(anonymous_0)
DA:2,1
DA:4,1
DA:15,7
DA:41,1
LF:4
LH:4
BRF:0
BRH:0
end_of_record
TN:
SF:models\User.js
FN:91,(anonymous_0)
FNF:1
FNH:1
FNDA:8,(anonymous_0)
DA:3,1
DA:5,1
DA:91,1
DA:92,8
DA:93,4
DA:95,4
DA:96,4
DA:97,4
DA:102,1
LF:9
LH:9
BRDA:92,0,0,4
BRDA:92,0,1,4
BRF:2
BRH:2
end_of_record
TN:
SF:routes\articleRoutes.js
FNF:0
FNH:0
DA:4,1
DA:6,1
DA:7,1
DA:8,1
LF:4
LH:4
BRF:0
BRH:0
end_of_record
TN:
SF:routes\commentRoutes.js
FNF:0
FNH:0
DA:5,1
DA:7,1
DA:8,1
DA:9,1
DA:15,1
LF:5
LH:5
BRF:0
BRH:0
end_of_record
TN:
SF:routes\forumRoutes.js
FNF:0
FNH:0
DA:4,1
DA:6,1
DA:7,1
DA:8,1
DA:9,1
LF:5
LH:5
BRF:0
BRH:0
end_of_record
TN:
SF:routes\index.js
FNF:0
FNH:0
DA:7,1
DA:9,1
DA:10,1
DA:11,1
DA:12,1
DA:13,1
LF:6
LH:6
BRF:0
BRH:0
end_of_record
TN:
SF:routes\postRoutes.js
FNF:0
FNH:0
DA:6,1
DA:8,1
DA:9,1
DA:10,1
DA:16,1
DA:23,1
LF:6
LH:6
BRF:0
BRH:0
end_of_record
TN:
SF:routes\userRoutes.js
FNF:0
FNH:0
DA:6,1
DA:8,1
DA:13,1
DA:14,1
DA:15,1
DA:22,1
LF:6
LH:6
BRF:0
BRH:0
end_of_record
